<?xml version="1.0" encoding="UTF-8"?>
<testng-results ignored="0" total="5" passed="4" failed="1" skipped="0">
  <reporter-output>
  </reporter-output>
  <suite started-at="2022-10-10T10:34:30 MSK" name="Default suite" finished-at="2022-10-10T10:34:36 MSK" duration-ms="5679">
    <groups>
    </groups>
    <test started-at="2022-10-10T10:34:30 MSK" name="Default test" finished-at="2022-10-10T10:34:36 MSK" duration-ms="5679">
      <class name="selenium.demo.Demo">
        <test-method is-config="true" signature="launchBrowser()[pri:0, instance:selenium.demo.Demo@21e360a]" started-at="2022-10-10T10:34:30 MSK" name="launchBrowser" finished-at="2022-10-10T10:34:34 MSK" duration-ms="4218" status="PASS">
          <reporter-output>
          </reporter-output>
        </test-method> <!-- launchBrowser -->
        <test-method signature="verifyAccessToMainPage()[pri:0, instance:selenium.demo.Demo@21e360a]" started-at="2022-10-10T10:34:34 MSK" name="verifyAccessToMainPage" finished-at="2022-10-10T10:34:34 MSK" duration-ms="46" status="PASS">
          <reporter-output>
          </reporter-output>
        </test-method> <!-- verifyAccessToMainPage -->
        <test-method signature="verifyAccessToPolicyPage()[pri:0, instance:selenium.demo.Demo@21e360a]" started-at="2022-10-10T10:34:34 MSK" name="verifyAccessToPolicyPage" finished-at="2022-10-10T10:34:35 MSK" duration-ms="1035" status="PASS">
          <reporter-output>
          </reporter-output>
        </test-method> <!-- verifyAccessToPolicyPage -->
        <test-method signature="verifyData()[pri:0, instance:selenium.demo.Demo@21e360a]" started-at="2022-10-10T10:34:35 MSK" name="verifyData" finished-at="2022-10-10T10:34:35 MSK" duration-ms="7" status="PASS">
          <reporter-output>
          </reporter-output>
        </test-method> <!-- verifyData -->
        <test-method signature="verifyLanguages()[pri:0, instance:selenium.demo.Demo@21e360a]" started-at="2022-10-10T10:34:35 MSK" name="verifyLanguages" finished-at="2022-10-10T10:34:35 MSK" duration-ms="165" status="FAIL">
          <exception class="java.lang.AssertionError">
            <message>
              <![CDATA[Lists didn't match expected:<[English, Spanish, French, German, Italian, Russian, Japanese, Portuguese, Brazilian, Uzbek]> but was:<[English, Spanish, French, German, Italian, Russian, Japanese, Portuguese, Brazilian]>]]>
            </message>
            <full-stacktrace>
              <![CDATA[java.lang.AssertionError: Lists didn't match expected:<[English, Spanish, French, German, Italian, Russian, Japanese, Portuguese, Brazilian, Uzbek]> but was:<[English, Spanish, French, German, Italian, Russian, Japanese, Portuguese, Brazilian]>
at org.junit.Assert.fail(Assert.java:89)
at org.junit.Assert.failNotEquals(Assert.java:835)
at org.junit.Assert.assertEquals(Assert.java:120)
at selenium.demo.Demo.verifyLanguages(Demo.java:57)
at java.base/jdk.internal.reflect.NativeMethodAccessorImpl.invoke0(Native Method)
at java.base/jdk.internal.reflect.NativeMethodAccessorImpl.invoke(NativeMethodAccessorImpl.java:77)
at java.base/jdk.internal.reflect.DelegatingMethodAccessorImpl.invoke(DelegatingMethodAccessorImpl.java:43)
at java.base/java.lang.reflect.Method.invoke(Method.java:568)
at org.testng.internal.MethodInvocationHelper.invokeMethod(MethodInvocationHelper.java:133)
at org.testng.internal.TestInvoker.invokeMethod(TestInvoker.java:598)
at org.testng.internal.TestInvoker.invokeTestMethod(TestInvoker.java:173)
at org.testng.internal.MethodRunner.runInSequence(MethodRunner.java:46)
at org.testng.internal.TestInvoker$MethodInvocationAgent.invoke(TestInvoker.java:824)
at org.testng.internal.TestInvoker.invokeTestMethods(TestInvoker.java:146)
at org.testng.internal.TestMethodWorker.invokeTestMethods(TestMethodWorker.java:146)
at org.testng.internal.TestMethodWorker.run(TestMethodWorker.java:128)
at java.base/java.util.ArrayList.forEach(ArrayList.java:1511)
at org.testng.TestRunner.privateRun(TestRunner.java:794)
at org.testng.TestRunner.run(TestRunner.java:596)
at org.testng.SuiteRunner.runTest(SuiteRunner.java:377)
at org.testng.SuiteRunner.runSequentially(SuiteRunner.java:371)
at org.testng.SuiteRunner.privateRun(SuiteRunner.java:332)
at org.testng.SuiteRunner.run(SuiteRunner.java:276)
at org.testng.SuiteRunnerWorker.runSuite(SuiteRunnerWorker.java:53)
at org.testng.SuiteRunnerWorker.run(SuiteRunnerWorker.java:96)
at org.testng.TestNG.runSuitesSequentially(TestNG.java:1212)
at org.testng.TestNG.runSuitesLocally(TestNG.java:1134)
at org.testng.TestNG.runSuites(TestNG.java:1063)
at org.testng.TestNG.run(TestNG.java:1031)
at org.testng.remote.AbstractRemoteTestNG.run(AbstractRemoteTestNG.java:115)
at org.testng.remote.RemoteTestNG.initAndRun(RemoteTestNG.java:251)
at org.testng.remote.RemoteTestNG.main(RemoteTestNG.java:77)
]]>
            </full-stacktrace>
          </exception> <!-- java.lang.AssertionError -->
          <reporter-output>
          </reporter-output>
        </test-method> <!-- verifyLanguages -->
        <test-method signature="verifyYear()[pri:0, instance:selenium.demo.Demo@21e360a]" started-at="2022-10-10T10:34:35 MSK" name="verifyYear" finished-at="2022-10-10T10:34:35 MSK" duration-ms="33" status="PASS">
          <reporter-output>
          </reporter-output>
        </test-method> <!-- verifyYear -->
        <test-method is-config="true" signature="closeBrowser()[pri:0, instance:selenium.demo.Demo@21e360a]" started-at="2022-10-10T10:34:35 MSK" name="closeBrowser" finished-at="2022-10-10T10:34:36 MSK" duration-ms="134" status="PASS">
          <reporter-output>
          </reporter-output>
        </test-method> <!-- closeBrowser -->
      </class> <!-- selenium.demo.Demo -->
    </test> <!-- Default test -->
  </suite> <!-- Default suite -->
</testng-results>
