<?xml version="1.0" encoding="UTF-8"?>
<!-- Generated by org.testng.reporters.JUnitReportReporter -->
<testsuite hostname="DESKTOP-35OEF4D" failures="1" tests="5" name="selenium.demo.Demo" time="1.286" errors="0" timestamp="2022-10-10T10:34:36 MSK" skipped="0">
  <testcase classname="selenium.demo.Demo" name="verifyLanguages" time="0.165">
    <failure message="Lists didn&#039;t match expected:&lt;[English, Spanish, French, German, Italian, Russian, Japanese, Portuguese, Brazilian, Uzbek]&gt; but was:&lt;[English, Spanish, French, German, Italian, Russian, Japanese, Portuguese, Brazilian]&gt;" type="java.lang.AssertionError">
      <![CDATA[java.lang.AssertionError: Lists didn't match expected:<[English, Spanish, French, German, Italian, Russian, Japanese, Portuguese, Brazilian, Uzbek]> but was:<[English, Spanish, French, German, Italian, Russian, Japanese, Portuguese, Brazilian]>
at org.junit.Assert.fail(Assert.java:89)
at org.junit.Assert.failNotEquals(Assert.java:835)
at org.junit.Assert.assertEquals(Assert.java:120)
at selenium.demo.Demo.verifyLanguages(Demo.java:57)
at java.base/jdk.internal.reflect.NativeMethodAccessorImpl.invoke0(Native Method)
at java.base/jdk.internal.reflect.NativeMethodAccessorImpl.invoke(NativeMethodAccessorImpl.java:77)
at java.base/jdk.internal.reflect.DelegatingMethodAccessorImpl.invoke(DelegatingMethodAccessorImpl.java:43)
at java.base/java.lang.reflect.Method.invoke(Method.java:568)
at org.testng.internal.MethodInvocationHelper.invokeMethod(MethodInvocationHelper.java:133)
at org.testng.internal.TestInvoker.invokeMethod(TestInvoker.java:598)
at org.testng.internal.TestInvoker.invokeTestMethod(TestInvoker.java:173)
at org.testng.internal.MethodRunner.runInSequence(MethodRunner.java:46)
at org.testng.internal.TestInvoker$MethodInvocationAgent.invoke(TestInvoker.java:824)
at org.testng.internal.TestInvoker.invokeTestMethods(TestInvoker.java:146)
at org.testng.internal.TestMethodWorker.invokeTestMethods(TestMethodWorker.java:146)
at org.testng.internal.TestMethodWorker.run(TestMethodWorker.java:128)
at java.base/java.util.ArrayList.forEach(ArrayList.java:1511)
at org.testng.TestRunner.privateRun(TestRunner.java:794)
at org.testng.TestRunner.run(TestRunner.java:596)
at org.testng.SuiteRunner.runTest(SuiteRunner.java:377)
at org.testng.SuiteRunner.runSequentially(SuiteRunner.java:371)
at org.testng.SuiteRunner.privateRun(SuiteRunner.java:332)
at org.testng.SuiteRunner.run(SuiteRunner.java:276)
at org.testng.SuiteRunnerWorker.runSuite(SuiteRunnerWorker.java:53)
at org.testng.SuiteRunnerWorker.run(SuiteRunnerWorker.java:96)
at org.testng.TestNG.runSuitesSequentially(TestNG.java:1212)
at org.testng.TestNG.runSuitesLocally(TestNG.java:1134)
at org.testng.TestNG.runSuites(TestNG.java:1063)
at org.testng.TestNG.run(TestNG.java:1031)
at org.testng.remote.AbstractRemoteTestNG.run(AbstractRemoteTestNG.java:115)
at org.testng.remote.RemoteTestNG.initAndRun(RemoteTestNG.java:251)
at org.testng.remote.RemoteTestNG.main(RemoteTestNG.java:77)
]]>
    </failure>
  </testcase> <!-- verifyLanguages -->
  <system-out/>
  <testcase classname="selenium.demo.Demo" name="verifyAccessToPolicyPage" time="1.035"/>
  <system-out/>
  <testcase classname="selenium.demo.Demo" name="verifyData" time="0.007"/>
  <system-out/>
  <testcase classname="selenium.demo.Demo" name="verifyYear" time="0.033"/>
  <system-out/>
  <testcase classname="selenium.demo.Demo" name="verifyAccessToMainPage" time="0.046"/>
  <system-out/>
</testsuite> <!-- selenium.demo.Demo -->
